\BOOKMARK [1][-]{section.1}{\376\377\001\020\036\321\000i\000\040\000t\001\260\036\343\000n\000g\000,\000\040\000M\036\345\000c\000\040\000t\000i\000\352\000u\000\040\000v\000\340\000\040\000K\036\277\000t\000\040\000q\000u\036\243\000\040\000H\001\260\036\333\000n\000g\000\040\000t\036\333\000i}{}% 1
\BOOKMARK [2][-]{subsection.1.1}{\376\377\000B\036\331\000\040\000d\036\357\000\040\000l\000i\036\307\000u\000\040\001\021\001\260\036\343\000c\000\040\000c\000h\036\315\000n}{section.1}% 2
\BOOKMARK [2][-]{subsection.1.2}{\376\377\000B\036\321\000i\000\040\000c\036\243\000n\000h\000\040\000t\000h\036\361\000c\000\040\000t\036\277}{section.1}% 3
\BOOKMARK [2][-]{subsection.1.3}{\376\377\000M\036\345\000c\000\040\000t\000i\000\352\000u\000\040\000c\036\345\000\040\000t\000h\036\303}{section.1}% 4
\BOOKMARK [2][-]{subsection.1.4}{\376\377\000K\036\277\000t\000\040\000q\000u\036\243\000\040\000k\036\363\000\040\000v\036\315\000n\000g}{section.1}% 5
\BOOKMARK [1][-]{section.2}{\376\377\000C\001\241\000\040\000s\036\337\000\040\000L\000\375\000\040\000t\000h\000u\000y\036\277\000t}{}% 6
\BOOKMARK [2][-]{subsection.2.1}{\376\377\000G\000i\036\333\000i\000\040\000t\000h\000i\036\307\000u\000\040\000b\036\331\000\040\000d\036\357\000\040\000l\000i\036\307\000u}{section.2}% 7
\BOOKMARK [2][-]{subsection.2.2}{\376\377\000L\036\361\000a\000\040\000c\000h\036\315\000n\000\040\000b\000i\036\277\000n\000\040\000p\000h\000\342\000n\000\040\000t\000\355\000c\000h\000\040\000v\000\340\000\040\000g\000i\036\243\000i\000\040\000t\000h\000\355\000c\000h}{section.2}% 8
\BOOKMARK [3][-]{subsubsection.2.2.1}{\376\377\000Q\000u\000y\000\040\000t\000r\000\354\000n\000h\000\040\000l\036\315\000c\000\040\000b\000i\036\277\000n\000\040\000t\036\353\000\040\0003\0004\000\040\000t\000h\000u\036\331\000c\000\040\000t\000\355\000n\000h\000\040\000b\000a\000n\000\040\001\021\036\247\000u}{subsection.2.2}% 9
\BOOKMARK [3][-]{subsubsection.2.2.2}{\376\377\000K\000i\036\303\000m\000\040\000c\000h\036\351\000n\000g\000\040\000q\000u\000a\000n\000\040\000h\036\307\000\040\000t\001\260\001\241\000n\000g\000\040\000q\000u\000a\000n\000\040\000g\000i\036\357\000a\000\040\000b\000i\036\277\000n\000\040\000s\036\321\000\040\000v\000\340\000\040\000g\000i\000\341\000\040\000G\000P\000U}{subsection.2.2}% 10
\BOOKMARK [3][-]{subsubsection.2.2.3}{\376\377\000B\036\243\000n\000g\000\040\000t\036\325\000n\000g\000\040\000h\036\343\000p\000\040\0008\000\040\000b\000i\036\277\000n\000\040\001\021\000\343\000\040\000c\000h\036\315\000n}{subsection.2.2}% 11
\BOOKMARK [2][-]{subsection.2.3}{\376\377\000C\000\341\000c\000\040\000b\001\260\036\333\000c\000\040\000x\036\355\000\040\000l\000\375\000\040\000d\036\357\000\040\000l\000i\036\307\000u}{section.2}% 12
\BOOKMARK [3][-]{subsubsection.2.3.1}{\376\377\000B\001\260\036\333\000c\000\040\0001\000:\000\040\000T\036\243\000i\000\040\000v\000\340\000\040\000k\000h\036\243\000o\000\040\000s\000\341\000t\000\040\000s\001\241\000\040\000b\036\331\000\040\000d\036\357\000\040\000l\000i\036\307\000u}{subsection.2.3}% 13
\BOOKMARK [3][-]{subsubsection.2.3.2}{\376\377\000B\001\260\036\333\000c\000\040\0002\000:\000\040\000C\000h\036\315\000n\000\040\000l\036\315\000c\000\040\000c\036\331\000t\000\040\000v\000\340\000\040\000\351\000p\000\040\000k\000i\036\303\000u\000\040\000d\036\357\000\040\000l\000i\036\307\000u}{subsection.2.3}% 14
\BOOKMARK [3][-]{subsubsection.2.3.3}{\376\377\000B\001\260\036\333\000c\000\040\0003\000:\000\040\000P\000h\000\341\000t\000\040\000h\000i\036\307\000n\000\040\000v\000\340\000\040\000x\036\355\000\040\000l\000\375\000\040\000n\000g\000o\036\241\000i\000\040\000l\036\307\000\040\000\050\000O\000u\000t\000l\000i\000e\000r\000s\000\051}{subsection.2.3}% 15
\BOOKMARK [3][-]{subsubsection.2.3.4}{\376\377\000B\001\260\036\333\000c\000\040\0004\000:\000\040\000X\036\355\000\040\000l\000\375\000\040\000g\000i\000\341\000\040\000t\000r\036\313\000\040\000k\000h\000u\000y\036\277\000t\000\040\000\050\000M\000i\000s\000s\000i\000n\000g\000\040\000V\000a\000l\000u\000e\000s\000\051}{subsection.2.3}% 16
\BOOKMARK [3][-]{subsubsection.2.3.5}{\376\377\000B\001\260\036\333\000c\000\040\0005\000\040\000\046\000\040\0006\000:\000\040\000M\000\343\000\040\000h\000\363\000a\000\040\000b\000i\036\277\000n\000\040\000p\000h\000\342\000n\000\040\000l\000o\036\241\000i\000\040\000v\000\340\000\040\000C\000h\000u\036\251\000n\000\040\000h\000\363\000a\000\040\000d\036\357\000\040\000l\000i\036\307\000u}{subsection.2.3}% 17
\BOOKMARK [2][-]{subsection.2.4}{\376\377\000X\000\342\000y\000\040\000d\036\361\000n\000g\000\040\000m\000\364\000\040\000h\000\354\000n\000h\000\040\000t\000h\036\321\000n\000g\000\040\000k\000\352}{section.2}% 18
\BOOKMARK [3][-]{subsubsection.2.4.1}{\376\377\000M\000\364\000\040\000h\000\354\000n\000h\000\040\000h\036\323\000i\000\040\000q\000u\000y\000\040\000t\000u\000y\036\277\000n\000\040\000t\000\355\000n\000h\000\040\000b\036\331\000i\000\040\000\050\000M\000u\000l\000t\000i\000p\000l\000e\000\040\000L\000i\000n\000e\000a\000r\000\040\000R\000e\000g\000r\000e\000s\000s\000i\000o\000n\000\051}{subsection.2.4}% 19
\BOOKMARK [3][-]{subsubsection.2.4.2}{\376\377\000P\000h\000\342\000n\000\040\000t\000\355\000c\000h\000\040\000p\000h\001\260\001\241\000n\000g\000\040\000s\000a\000i\000\040\000\050\000W\000e\000l\000c\000h\000'\000s\000\040\000A\000N\000O\000V\000A\000\051}{subsection.2.4}% 20
\BOOKMARK [2][-]{subsection.2.5}{\376\377\000S\001\241\000\040\001\021\036\323\000\040\000t\036\325\000n\000g\000\040\000q\000u\000a\000n\000\040\000q\000u\000y\000\040\000t\000r\000\354\000n\000h\000\040\000x\036\355\000\040\000l\000\375}{section.2}% 21
\BOOKMARK [1][-]{section.3}{\376\377\000C\000o\000d\000e\000\040\000v\000\340\000\040\000X\036\355\000\040\000l\000\375\000\040\000C\036\345\000\040\000t\000h\036\303}{}% 22
\BOOKMARK [2][-]{subsection.3.1}{\376\377\000B\001\260\036\333\000c\000\040\0001\000:\000\040\000T\036\243\000i\000\040\000v\000\340\000\040\000k\000h\036\243\000o\000\040\000s\000\341\000t\000\040\000s\001\241\000\040\000b\036\331\000\040\000d\036\357\000\040\000l\000i\036\307\000u}{section.3}% 23
\BOOKMARK [2][-]{subsection.3.2}{\376\377\000B\001\260\036\333\000c\000\040\0002\000:\000\040\000C\000h\036\315\000n\000\040\000l\036\315\000c\000\040\000c\036\331\000t\000\040\000v\000\340\000\040\000\351\000p\000\040\000k\000i\036\303\000u\000\040\000d\036\357\000\040\000l\000i\036\307\000u}{section.3}% 24
\BOOKMARK [2][-]{subsection.3.3}{\376\377\000B\001\260\036\333\000c\000\040\0003\000:\000\040\000X\036\355\000\040\000l\000\375\000\040\000n\000g\000o\036\241\000i\000\040\000l\036\307}{section.3}% 25
\BOOKMARK [2][-]{subsection.3.4}{\376\377\000B\001\260\036\333\000c\000\040\0004\000:\000\040\000X\036\355\000\040\000l\000\375\000\040\000g\000i\000\341\000\040\000t\000r\036\313\000\040\000k\000h\000u\000y\036\277\000t}{section.3}% 26
\BOOKMARK [2][-]{subsection.3.5}{\376\377\000B\001\260\036\333\000c\000\040\0005\000:\000\040\000M\000\343\000\040\000h\000\363\000a\000\040\000b\000i\036\277\000n\000\040\000p\000h\000\342\000n\000\040\000l\000o\036\241\000i}{section.3}% 27
\BOOKMARK [2][-]{subsection.3.6}{\376\377\000B\001\260\036\333\000c\000\040\0006\000:\000\040\000C\000h\000u\036\251\000n\000\040\000h\000\363\000a\000\040\000d\036\357\000\040\000l\000i\036\307\000u\000\040\000\050\000z\000-\000s\000c\000o\000r\000e\000\040\000n\000o\000r\000m\000a\000l\000i\000z\000a\000t\000i\000o\000n\000\051}{section.3}% 28
\BOOKMARK [2][-]{subsection.3.7}{\376\377\000B\001\260\036\333\000c\000\040\0007\000:\000\040\000X\000\342\000y\000\040\000d\036\361\000n\000g\000\040\000m\000\364\000\040\000h\000\354\000n\000h\000\040\000t\000h\036\321\000n\000g\000\040\000k\000\352}{section.3}% 29
\BOOKMARK [3][-]{subsubsection.3.7.1}{\376\377\0007\000.\0001\000.\000\040\000M\000\364\000\040\000h\000\354\000n\000h\000\040\000h\036\323\000i\000\040\000q\000u\000y\000\040\000t\000u\000y\036\277\000n\000\040\000t\000\355\000n\000h\000\040\000b\036\331\000i}{subsection.3.7}% 30
\BOOKMARK [3][-]{subsubsection.3.7.2}{\376\377\0007\000.\0002\000.\000\040\000P\000h\000\342\000n\000\040\000t\000\355\000c\000h\000\040\000p\000h\001\260\001\241\000n\000g\000\040\000s\000a\000i}{subsection.3.7}% 31
\BOOKMARK [1][-]{section.4}{\376\377\000K\036\277\000t\000\040\000q\000u\036\243\000\040\000T\000h\000u\000\040\001\021\001\260\036\343\000c}{}% 32
\BOOKMARK [2][-]{subsection.4.1}{\376\377\000B\001\260\036\333\000c\000\040\0001\000\040\040\024\000\040\000T\036\243\000i\000\040\000v\000\340\000\040\000k\000h\036\243\000o\000\040\000s\000\341\000t\000\040\000s\001\241\000\040\000b\036\331\000\040\000d\036\357\000\040\000l\000i\036\307\000u}{section.4}% 33
\BOOKMARK [2][-]{subsection.4.2}{\376\377\000B\001\260\036\333\000c\000\040\0002\000\040\040\024\000\040\000C\000h\036\315\000n\000\040\000l\036\315\000c\000\040\000c\036\331\000t\000\040\000v\000\340\000\040\000\351\000p\000\040\000k\000i\036\303\000u\000\040\000d\036\357\000\040\000l\000i\036\307\000u}{section.4}% 34
\BOOKMARK [2][-]{subsection.4.3}{\376\377\000B\001\260\036\333\000c\000\040\0003\000\040\040\024\000\040\000P\000h\000\341\000t\000\040\000h\000i\036\307\000n\000\040\000v\000\340\000\040\001\021\000\341\000n\000h\000\040\000g\000i\000\341\000\040\000n\000g\000o\036\241\000i\000\040\000l\036\307}{section.4}% 35
\BOOKMARK [2][-]{subsection.4.4}{\376\377\000B\001\260\036\333\000c\000\040\0004\000\040\040\024\000\040\000X\036\355\000\040\000l\000\375\000\040\000g\000i\000\341\000\040\000t\000r\036\313\000\040\000k\000h\000u\000y\036\277\000t}{section.4}% 36
\BOOKMARK [2][-]{subsection.4.5}{\376\377\000B\001\260\036\333\000c\000\040\0005\000\040\000\046\000\040\0006\000\040\040\024\000\040\000M\000\343\000\040\000h\000\363\000a\000\040\000b\000i\036\277\000n\000\040\000p\000h\000\342\000n\000\040\000l\000o\036\241\000i\000\040\000v\000\340\000\040\000c\000h\000u\036\251\000n\000\040\000h\000\363\000a\000\040\000Z\000-\000s\000c\000o\000r\000e}{section.4}% 37
\BOOKMARK [2][-]{subsection.4.6}{\376\377\000T\000h\036\321\000n\000g\000\040\000k\000\352\000\040\000m\000\364\000\040\000t\036\243\000\040\000b\000i\036\277\000n\000\040\000p\000h\036\345\000\040\000t\000h\000u\036\331\000c\000\040\000r\000e\000l\000e\000a\000s\000e\000\137\000p\000r\000i\000c\000e}{section.4}% 38
\BOOKMARK [2][-]{subsection.4.7}{\376\377\000M\000a\000\040\000t\000r\036\255\000n\000\040\000t\001\260\001\241\000n\000g\000\040\000q\000u\000a\000n\000\040\000P\000e\000a\000r\000s\000o\000n}{section.4}% 39
\BOOKMARK [2][-]{subsection.4.8}{\376\377\000K\036\277\000t\000\040\000q\000u\036\243\000\040\000A\000N\000O\000V\000A\000\040\040\024\000\040\000S\000o\000\040\000s\000\341\000n\000h\000\040\000g\000i\000\341\000\040\000g\000i\036\357\000a\000\040\000N\000V\000I\000D\000I\000A\000\040\000v\000\340\000\040\000A\000M\000D}{section.4}% 40
\BOOKMARK [2][-]{subsection.4.9}{\376\377\000K\036\277\000t\000\040\000q\000u\036\243\000\040\000m\000\364\000\040\000h\000\354\000n\000h\000\040\000h\036\323\000i\000\040\000q\000u\000y}{section.4}% 41
\BOOKMARK [3][-]{subsubsection.4.9.1}{\376\377\000M\000\364\000\040\000h\000\354\000n\000h\000\040\000O\000L\000S\000\040\000c\001\241\000\040\000s\036\337}{subsection.4.9}% 42
\BOOKMARK [3][-]{subsubsection.4.9.2}{\376\377\000M\000\364\000\040\000h\000\354\000n\000h\000\040\000L\000o\000g\000-\000L\000i\000n\000e\000a\000r\000\040\000\050\000M\000\364\000\040\000h\000\354\000n\000h\000\040\000t\000i\000n\000h\000\040\000c\000h\036\311\000n\000h\000\051}{subsection.4.9}% 43
\BOOKMARK [3][-]{subsubsection.4.9.3}{\376\377\000D\000i\036\305\000n\000\040\000g\000i\036\243\000i\000\040\000h\036\307\000\040\000s\036\321\000\040\000v\000\340\000\040\000k\000i\036\303\000m\000\040\001\021\036\313\000n\000h\000\040\000g\000i\036\243\000\040\001\021\036\313\000n\000h}{subsection.4.9}% 44
\BOOKMARK [1][-]{section.5}{\376\377\000K\036\277\000t\000\040\000l\000u\036\255\000n\000\040\000v\000\340\000\040\001\020\036\301\000\040\000n\000g\000h\036\313}{}% 45
\BOOKMARK [2][-]{subsection.5.1}{\376\377\001\020\000\341\000n\000h\000\040\000g\000i\000\341\000\040\000m\036\345\000c\000\040\000t\000i\000\352\000u\000\040\000n\000g\000h\000i\000\352\000n\000\040\000c\036\351\000u}{section.5}% 46
\BOOKMARK [3][-]{subsubsection.5.1.1}{\376\377\000C\000\342\000u\000\040\000h\036\317\000i\000\040\000n\000g\000h\000i\000\352\000n\000\040\000c\036\351\000u\000\040\001\021\000\343\000\040\001\021\001\260\036\343\000c\000\040\000g\000i\036\243\000i\000\040\000q\000u\000y\036\277\000t}{subsection.5.1}% 47
\BOOKMARK [2][-]{subsection.5.2}{\376\377\000H\036\241\000n\000\040\000c\000h\036\277\000\040\000v\000\340\000\040\001\021\036\301\000\040\000x\000u\036\245\000t\000\040\000c\036\243\000i\000\040\000t\000i\036\277\000n}{section.5}% 48
\BOOKMARK [2][-]{subsection.5.3}{\376\377\000\335\000\040\000n\000g\000h\001\051\000a\000\040\000t\000h\036\361\000c\000\040\000t\000i\036\305\000n}{section.5}% 49
